------------- NVBit (NVidia Binary Instrumentation Tool v1.8) Loaded --------------
NVBit core environment variables (mostly for nvbit-devs):
ACK_CTX_INIT_LIMITATION = 1 - if set, no warning will be printed for nvbit_at_ctx_init()
            NVDISASM = nvdisasm - override default nvdisasm found in PATH
            NOBANNER = 0 - if set, does not print this banner
       NO_EAGER_LOAD = 1 - lazy module loading is now turned on by default. If you see deadlocks in your tool, set NO_EAGER_LOAD to 0
---------------------------------------------------------------------------------
[NVBPF REUSE_DISTANCE_PROFILER] Tool loaded
Traceback (most recent call last):
  File "/home/dev9/venv/nvbpf/test-apps/attention_pytorch/attention_pytorch.py", line 171, in <module>
    raise SystemExit(main(sys.argv[1:]))
                     ^^^^^^^^^^^^^^^^^^
  File "/home/dev9/venv/nvbpf/test-apps/attention_pytorch/attention_pytorch.py", line 167, in main
    return run(args)
           ^^^^^^^^^
  File "/home/dev9/venv/nvbpf/test-apps/attention_pytorch/attention_pytorch.py", line 128, in run
    _ = F.scaled_dot_product_attention(
        ^^^^^^^^^^^^^^^^^^^^^^^^^^^^^^^
RuntimeError: vector<bool>::_M_range_check: __n (which is 0) >= this->size() (which is 0)
[NVBPF REUSE_DISTANCE_PROFILER] matched_launches=0 unique_kernels=0 sample_every=64 line_shift=7
[NVBPF REUSE_DISTANCE_PROFILER] Tool terminated
